# JRE version: Java(TM) SE Runtime Environment (8.0_152-b16) (build 1.8.0_152-b16)
# Java VM: Java HotSpot(TM) 64-Bit Server VM (25.152-b16 mixed mode windows-amd64 compressed oops)
Heap:
 PSYoungGen      total 410624K, used 98973K [0x000000076b780000, 0x0000000790d80000, 0x00000007c0000000)
  eden space 384512K, 25% used [0x000000076b780000,0x00000007718276a0,0x0000000782f00000)
  from space 26112K, 0% used [0x0000000782f00000,0x0000000782f00000,0x0000000784880000)
  to   space 25600K, 0% used [0x000000078f480000,0x000000078f480000,0x0000000790d80000)
 ParOldGen       total 189440K, used 56831K [0x00000006c2600000, 0x00000006cdf00000, 0x000000076b780000)
  object space 189440K, 29% used [0x00000006c2600000,0x00000006c5d7fd50,0x00000006cdf00000)
 Metaspace       used 40494K, capacity 41178K, committed 41344K, reserved 1085440K
  class space    used 5008K, capacity 5186K, committed 5248K, reserved 1048576K
GC Heap History (10 events):
Event: 8.678 GC heap before
{Heap before GC invocations=9 (full 1):
 PSYoungGen      total 187904K, used 187895K [0x000000076b780000, 0x000000077e600000, 0x00000007c0000000)
  eden space 177664K, 100% used [0x000000076b780000,0x0000000776500000,0x0000000776500000)
  from space 10240K, 99% used [0x0000000776500000,0x0000000776efdc08,0x0000000776f00000)
  to   space 11264K, 0% used [0x000000077db00000,0x000000077db00000,0x000000077e600000)
 ParOldGen       total 94720K, used 9305K [0x00000006c2600000, 0x00000006c8280000, 0x000000076b780000)
  object space 94720K, 9% used [0x00000006c2600000,0x00000006c2f16670,0x00000006c8280000)
 Metaspace       used 30492K, capacity 31014K, committed 31104K, reserved 1077248K
  class space    used 3792K, capacity 3930K, committed 3968K, reserved 1048576K
Event: 8.686 GC heap after
Heap after GC invocations=9 (full 1):
 PSYoungGen      total 295424K, used 11240K [0x000000076b780000, 0x000000077ed80000, 0x00000007c0000000)
  eden space 284160K, 0% used [0x000000076b780000,0x000000076b780000,0x000000077cd00000)
  from space 11264K, 99% used [0x000000077db00000,0x000000077e5fa090,0x000000077e600000)
  to   space 14336K, 0% used [0x000000077cd00000,0x000000077cd00000,0x000000077db00000)
 ParOldGen       total 94720K, used 12929K [0x00000006c2600000, 0x00000006c8280000, 0x000000076b780000)
  object space 94720K, 13% used [0x00000006c2600000,0x00000006c32a0698,0x00000006c8280000)
 Metaspace       used 30492K, capacity 31014K, committed 31104K, reserved 1077248K
  class space    used 3792K, capacity 3930K, committed 3968K, reserved 1048576K
}
Event: 10.026 GC heap before
{Heap before GC invocations=10 (full 1):
 PSYoungGen      total 295424K, used 295400K [0x000000076b780000, 0x000000077ed80000, 0x00000007c0000000)
  eden space 284160K, 100% used [0x000000076b780000,0x000000077cd00000,0x000000077cd00000)
  from space 11264K, 99% used [0x000000077db00000,0x000000077e5fa090,0x000000077e600000)
  to   space 14336K, 0% used [0x000000077cd00000,0x000000077cd00000,0x000000077db00000)
 ParOldGen       total 94720K, used 12929K [0x00000006c2600000, 0x00000006c8280000, 0x000000076b780000)
  object space 94720K, 13% used [0x00000006c2600000,0x00000006c32a0698,0x00000006c8280000)
 Metaspace       used 33849K, capacity 34422K, committed 34688K, reserved 1079296K
  class space    used 4241K, capacity 4354K, committed 4480K, reserved 1048576K
Event: 10.041 GC heap after
Heap after GC invocations=10 (full 1):
 PSYoungGen      total 298496K, used 14311K [0x000000076b780000, 0x0000000785b00000, 0x00000007c0000000)
  eden space 284160K, 0% used [0x000000076b780000,0x000000076b780000,0x000000077cd00000)
  from space 14336K, 99% used [0x000000077cd00000,0x000000077daf9f48,0x000000077db00000)
  to   space 18944K, 0% used [0x0000000784880000,0x0000000784880000,0x0000000785b00000)
 ParOldGen       total 94720K, used 20178K [0x00000006c2600000, 0x00000006c8280000, 0x000000076b780000)
  object space 94720K, 21% used [0x00000006c2600000,0x00000006c39b4848,0x00000006c8280000)
 Metaspace       used 33849K, capacity 34422K, committed 34688K, reserved 1079296K
  class space    used 4241K, capacity 4354K, committed 4480K, reserved 1048576K
}
Event: 10.416 GC heap before
{Heap before GC invocations=11 (full 1):
 PSYoungGen      total 298496K, used 298471K [0x000000076b780000, 0x0000000785b00000, 0x00000007c0000000)
  eden space 284160K, 100% used [0x000000076b780000,0x000000077cd00000,0x000000077cd00000)
  from space 14336K, 99% used [0x000000077cd00000,0x000000077daf9f48,0x000000077db00000)
  to   space 18944K, 0% used [0x0000000784880000,0x0000000784880000,0x0000000785b00000)
 ParOldGen       total 94720K, used 20178K [0x00000006c2600000, 0x00000006c8280000, 0x000000076b780000)
  object space 94720K, 21% used [0x00000006c2600000,0x00000006c39b4848,0x00000006c8280000)
 Metaspace       used 34108K, capacity 34662K, committed 34944K, reserved 1079296K
  class space    used 4277K, capacity 4390K, committed 4480K, reserved 1048576K
Event: 10.432 GC heap after
Heap after GC invocations=11 (full 1):
 PSYoungGen      total 403456K, used 18925K [0x000000076b780000, 0x0000000787c00000, 0x00000007c0000000)
  eden space 384512K, 0% used [0x000000076b780000,0x000000076b780000,0x0000000782f00000)
  from space 18944K, 99% used [0x0000000784880000,0x0000000785afb750,0x0000000785b00000)
  to   space 26112K, 0% used [0x0000000782f00000,0x0000000782f00000,0x0000000784880000)
 ParOldGen       total 94720K, used 32164K [0x00000006c2600000, 0x00000006c8280000, 0x000000076b780000)
  object space 94720K, 33% used [0x00000006c2600000,0x00000006c4569208,0x00000006c8280000)
 Metaspace       used 34108K, capacity 34662K, committed 34944K, reserved 1079296K
  class space    used 4277K, capacity 4390K, committed 4480K, reserved 1048576K
}
Event: 10.850 GC heap before
{Heap before GC invocations=12 (full 1):
 PSYoungGen      total 403456K, used 269836K [0x000000076b780000, 0x0000000787c00000, 0x00000007c0000000)
  eden space 384512K, 65% used [0x000000076b780000,0x000000077ac87a00,0x0000000782f00000)
  from space 18944K, 99% used [0x0000000784880000,0x0000000785afb750,0x0000000785b00000)
  to   space 26112K, 0% used [0x0000000782f00000,0x0000000782f00000,0x0000000784880000)
 ParOldGen       total 94720K, used 32164K [0x00000006c2600000, 0x00000006c8280000, 0x000000076b780000)
  object space 94720K, 33% used [0x00000006c2600000,0x00000006c4569208,0x00000006c8280000)
 Metaspace       used 34851K, capacity 35372K, committed 35456K, reserved 1081344K
  class space    used 4336K, capacity 4455K, committed 4480K, reserved 1048576K
Event: 10.862 GC heap after
Heap after GC invocations=12 (full 1):
 PSYoungGen      total 410624K, used 15431K [0x000000076b780000, 0x0000000790d80000, 0x00000007c0000000)
  eden space 384512K, 0% used [0x000000076b780000,0x000000076b780000,0x0000000782f00000)
  from space 26112K, 59% used [0x0000000782f00000,0x0000000783e11f18,0x0000000784880000)
  to   space 25600K, 0% used [0x000000078f480000,0x000000078f480000,0x0000000790d80000)
 ParOldGen       total 94720K, used 51032K [0x00000006c2600000, 0x00000006c8280000, 0x000000076b780000)
  object space 94720K, 53% used [0x00000006c2600000,0x00000006c57d6150,0x00000006c8280000)
 Metaspace       used 34851K, capacity 35372K, committed 35456K, reserved 1081344K
  class space    used 4336K, capacity 4455K, committed 4480K, reserved 1048576K
}
Event: 10.862 GC heap before
{Heap before GC invocations=13 (full 2):
 PSYoungGen      total 410624K, used 15431K [0x000000076b780000, 0x0000000790d80000, 0x00000007c0000000)
  eden space 384512K, 0% used [0x000000076b780000,0x000000076b780000,0x0000000782f00000)
  from space 26112K, 59% used [0x0000000782f00000,0x0000000783e11f18,0x0000000784880000)
  to   space 25600K, 0% used [0x000000078f480000,0x000000078f480000,0x0000000790d80000)
 ParOldGen       total 94720K, used 51032K [0x00000006c2600000, 0x00000006c8280000, 0x000000076b780000)
  object space 94720K, 53% used [0x00000006c2600000,0x00000006c57d6150,0x00000006c8280000)
 Metaspace       used 34851K, capacity 35372K, committed 35456K, reserved 1081344K
  class space    used 4336K, capacity 4455K, committed 4480K, reserved 1048576K
Event: 10.977 GC heap after
Heap after GC invocations=13 (full 2):
 PSYoungGen      total 410624K, used 0K [0x000000076b780000, 0x0000000790d80000, 0x00000007c0000000)
  eden space 384512K, 0% used [0x000000076b780000,0x000000076b780000,0x0000000782f00000)
  from space 26112K, 0% used [0x0000000782f00000,0x0000000782f00000,0x0000000784880000)
  to   space 25600K, 0% used [0x000000078f480000,0x000000078f480000,0x0000000790d80000)
 ParOldGen       total 189440K, used 56831K [0x00000006c2600000, 0x00000006cdf00000, 0x000000076b780000)
  object space 189440K, 29% used [0x00000006c2600000,0x00000006c5d7fd50,0x00000006cdf00000)
 Metaspace       used 34851K, capacity 35372K, committed 35456K, reserved 1081344K
  class space    used 4336K, capacity 4455K, committed 4480K, reserved 1048576K
}

