# JRE version: Java(TM) SE Runtime Environment (8.0_152-b16) (build 1.8.0_152-b16)
# Java VM: Java HotSpot(TM) 64-Bit Server VM (25.152-b16 mixed mode windows-amd64 compressed oops)
Heap:
 PSYoungGen      total 420864K, used 110443K [0x000000078cd00000, 0x00000007aa280000, 0x00000007c0000000)
  eden space 397312K, 27% used [0x000000078cd00000,0x00000007938dac88,0x00000007a5100000)
  from space 23552K, 0% used [0x00000007a6800000,0x00000007a6800000,0x00000007a7f00000)
  to   space 23552K, 0% used [0x00000007a5100000,0x00000007a5100000,0x00000007a6800000)
 ParOldGen       total 112128K, used 50991K [0x0000000726600000, 0x000000072d380000, 0x000000078cd00000)
  object space 112128K, 45% used [0x0000000726600000,0x00000007297cbdf8,0x000000072d380000)
 Metaspace       used 41246K, capacity 41808K, committed 42112K, reserved 1085440K
  class space    used 5025K, capacity 5163K, committed 5248K, reserved 1048576K
GC Heap History (10 events):
Event: 10.394 GC heap before
{Heap before GC invocations=14 (full 1):
 PSYoungGen      total 218112K, used 215469K [0x000000078cd00000, 0x000000079ac00000, 0x00000007c0000000)
  eden space 210944K, 100% used [0x000000078cd00000,0x0000000799b00000,0x0000000799b00000)
  from space 7168K, 63% used [0x000000079a500000,0x000000079a96b630,0x000000079ac00000)
  to   space 8704K, 0% used [0x0000000799b00000,0x0000000799b00000,0x000000079a380000)
 ParOldGen       total 87552K, used 15804K [0x0000000726600000, 0x000000072bb80000, 0x000000078cd00000)
  object space 87552K, 18% used [0x0000000726600000,0x000000072756f010,0x000000072bb80000)
 Metaspace       used 34543K, capacity 35052K, committed 35456K, reserved 1081344K
  class space    used 4254K, capacity 4395K, committed 4480K, reserved 1048576K
Event: 10.402 GC heap after
Heap after GC invocations=14 (full 1):
 PSYoungGen      total 219648K, used 8672K [0x000000078cd00000, 0x000000079f880000, 0x00000007c0000000)
  eden space 210944K, 0% used [0x000000078cd00000,0x000000078cd00000,0x0000000799b00000)
  from space 8704K, 99% used [0x0000000799b00000,0x000000079a378180,0x000000079a380000)
  to   space 11264K, 0% used [0x000000079ed80000,0x000000079ed80000,0x000000079f880000)
 ParOldGen       total 87552K, used 20208K [0x0000000726600000, 0x000000072bb80000, 0x000000078cd00000)
  object space 87552K, 23% used [0x0000000726600000,0x00000007279bc378,0x000000072bb80000)
 Metaspace       used 34543K, capacity 35052K, committed 35456K, reserved 1081344K
  class space    used 4254K, capacity 4395K, committed 4480K, reserved 1048576K
}
Event: 10.661 GC heap before
{Heap before GC invocations=15 (full 1):
 PSYoungGen      total 219648K, used 219616K [0x000000078cd00000, 0x000000079f880000, 0x00000007c0000000)
  eden space 210944K, 100% used [0x000000078cd00000,0x0000000799b00000,0x0000000799b00000)
  from space 8704K, 99% used [0x0000000799b00000,0x000000079a378180,0x000000079a380000)
  to   space 11264K, 0% used [0x000000079ed80000,0x000000079ed80000,0x000000079f880000)
 ParOldGen       total 87552K, used 20208K [0x0000000726600000, 0x000000072bb80000, 0x000000078cd00000)
  object space 87552K, 23% used [0x0000000726600000,0x00000007279bc378,0x000000072bb80000)
 Metaspace       used 34792K, capacity 35292K, committed 35496K, reserved 1081344K
  class space    used 4289K, capacity 4431K, committed 4480K, reserved 1048576K
Event: 10.668 GC heap after
Heap after GC invocations=15 (full 1):
 PSYoungGen      total 289792K, used 11259K [0x000000078cd00000, 0x00000007a0e80000, 0x00000007c0000000)
  eden space 278528K, 0% used [0x000000078cd00000,0x000000078cd00000,0x000000079dd00000)
  from space 11264K, 99% used [0x000000079ed80000,0x000000079f87ee20,0x000000079f880000)
  to   space 16896K, 0% used [0x000000079dd00000,0x000000079dd00000,0x000000079ed80000)
 ParOldGen       total 87552K, used 30748K [0x0000000726600000, 0x000000072bb80000, 0x000000078cd00000)
  object space 87552K, 35% used [0x0000000726600000,0x0000000728407298,0x000000072bb80000)
 Metaspace       used 34792K, capacity 35292K, committed 35496K, reserved 1081344K
  class space    used 4289K, capacity 4431K, committed 4480K, reserved 1048576K
}
Event: 11.036 GC heap before
{Heap before GC invocations=16 (full 1):
 PSYoungGen      total 289792K, used 289787K [0x000000078cd00000, 0x00000007a0e80000, 0x00000007c0000000)
  eden space 278528K, 100% used [0x000000078cd00000,0x000000079dd00000,0x000000079dd00000)
  from space 11264K, 99% used [0x000000079ed80000,0x000000079f87ee20,0x000000079f880000)
  to   space 16896K, 0% used [0x000000079dd00000,0x000000079dd00000,0x000000079ed80000)
 ParOldGen       total 87552K, used 30748K [0x0000000726600000, 0x000000072bb80000, 0x000000078cd00000)
  object space 87552K, 35% used [0x0000000726600000,0x0000000728407298,0x000000072bb80000)
 Metaspace       used 34797K, capacity 35298K, committed 35496K, reserved 1081344K
  class space    used 4289K, capacity 4432K, committed 4480K, reserved 1048576K
Event: 11.046 GC heap after
Heap after GC invocations=16 (full 1):
 PSYoungGen      total 295424K, used 16865K [0x000000078cd00000, 0x00000007a7f00000, 0x00000007c0000000)
  eden space 278528K, 0% used [0x000000078cd00000,0x000000078cd00000,0x000000079dd00000)
  from space 16896K, 99% used [0x000000079dd00000,0x000000079ed78660,0x000000079ed80000)
  to   space 23552K, 0% used [0x00000007a6800000,0x00000007a6800000,0x00000007a7f00000)
 ParOldGen       total 87552K, used 42396K [0x0000000726600000, 0x000000072bb80000, 0x000000078cd00000)
  object space 87552K, 48% used [0x0000000726600000,0x0000000728f67240,0x000000072bb80000)
 Metaspace       used 34797K, capacity 35298K, committed 35496K, reserved 1081344K
  class space    used 4289K, capacity 4432K, committed 4480K, reserved 1048576K
}
Event: 11.059 GC heap before
{Heap before GC invocations=17 (full 1):
 PSYoungGen      total 295424K, used 24160K [0x000000078cd00000, 0x00000007a7f00000, 0x00000007c0000000)
  eden space 278528K, 2% used [0x000000078cd00000,0x000000078d41fbf8,0x000000079dd00000)
  from space 16896K, 99% used [0x000000079dd00000,0x000000079ed78660,0x000000079ed80000)
  to   space 23552K, 0% used [0x00000007a6800000,0x00000007a6800000,0x00000007a7f00000)
 ParOldGen       total 87552K, used 42396K [0x0000000726600000, 0x000000072bb80000, 0x000000078cd00000)
  object space 87552K, 48% used [0x0000000726600000,0x0000000728f67240,0x000000072bb80000)
 Metaspace       used 34830K, capacity 35298K, committed 35496K, reserved 1081344K
  class space    used 4296K, capacity 4432K, committed 4480K, reserved 1048576K
Event: 11.064 GC heap after
Heap after GC invocations=17 (full 1):
 PSYoungGen      total 420864K, used 694K [0x000000078cd00000, 0x00000007aa280000, 0x00000007c0000000)
  eden space 397312K, 0% used [0x000000078cd00000,0x000000078cd00000,0x00000007a5100000)
  from space 23552K, 2% used [0x00000007a6800000,0x00000007a68ada80,0x00000007a7f00000)
  to   space 23552K, 0% used [0x00000007a5100000,0x00000007a5100000,0x00000007a6800000)
 ParOldGen       total 87552K, used 57451K [0x0000000726600000, 0x000000072bb80000, 0x000000078cd00000)
  object space 87552K, 65% used [0x0000000726600000,0x0000000729e1ae30,0x000000072bb80000)
 Metaspace       used 34830K, capacity 35298K, committed 35496K, reserved 1081344K
  class space    used 4296K, capacity 4432K, committed 4480K, reserved 1048576K
}
Event: 11.064 GC heap before
{Heap before GC invocations=18 (full 2):
 PSYoungGen      total 420864K, used 694K [0x000000078cd00000, 0x00000007aa280000, 0x00000007c0000000)
  eden space 397312K, 0% used [0x000000078cd00000,0x000000078cd00000,0x00000007a5100000)
  from space 23552K, 2% used [0x00000007a6800000,0x00000007a68ada80,0x00000007a7f00000)
  to   space 23552K, 0% used [0x00000007a5100000,0x00000007a5100000,0x00000007a6800000)
 ParOldGen       total 87552K, used 57451K [0x0000000726600000, 0x000000072bb80000, 0x000000078cd00000)
  object space 87552K, 65% used [0x0000000726600000,0x0000000729e1ae30,0x000000072bb80000)
 Metaspace       used 34830K, capacity 35298K, committed 35496K, reserved 1081344K
  class space    used 4296K, capacity 4432K, committed 4480K, reserved 1048576K
Event: 11.190 GC heap after
Heap after GC invocations=18 (full 2):
 PSYoungGen      total 420864K, used 0K [0x000000078cd00000, 0x00000007aa280000, 0x00000007c0000000)
  eden space 397312K, 0% used [0x000000078cd00000,0x000000078cd00000,0x00000007a5100000)
  from space 23552K, 0% used [0x00000007a6800000,0x00000007a6800000,0x00000007a7f00000)
  to   space 23552K, 0% used [0x00000007a5100000,0x00000007a5100000,0x00000007a6800000)
 ParOldGen       total 112128K, used 50991K [0x0000000726600000, 0x000000072d380000, 0x000000078cd00000)
  object space 112128K, 45% used [0x0000000726600000,0x00000007297cbdf8,0x000000072d380000)
 Metaspace       used 34830K, capacity 35298K, committed 35496K, reserved 1081344K
  class space    used 4296K, capacity 4432K, committed 4480K, reserved 1048576K
}

